Added Component: Designator=AX12_B(HDR1X3)
Added Component: Designator=C1(RB.2/.6)
Added Component: Designator=C2(RB.2/.4)
Added Component: Designator=C3(RB.2/.4)
Added Component: Designator=C4(C0805C)
Added Component: Designator=C5(RB.2/.4)
Added Component: Designator=Cdecoup1(C0805C)
Added Component: Designator=Cdecoup2(C0805C)
Added Component: Designator=Cdecoup3(RB.1/.3)
Added Component: Designator=Cdecoup4(C0805C)
Added Component: Designator=Cdecoup5(RB.1/.3)
Added Component: Designator=Cde(C0805C)
Added Component: Designator=D1(DO-35)
Added Component: Designator=D2(DO-35)
Added Component: Designator=D3(LED1206Y)
Added Component: Designator=D4(LED1206Y)
Added Component: Designator=D5(DO-35)
Added Component: Designator=D6(DO-35)
Added Component: Designator=D7(DO-35)
Added Component: Designator=D8(DO-35)
Added Component: Designator=D9(DO-35)
Added Component: Designator=D10(DO-35)
Added Component: Designator=D11(LED1206R)
Added Component: Designator=D12(LED1206G)
Added Component: Designator=Encodeur1(B4B-PH-K-S)
Added Component: Designator=Encodeur2(B4B-PH-K-S)
Added Component: Designator=LaisseCon(HDR1X3)
Added Component: Designator=LM2937ET-3.3(TO-220V)
Added Component: Designator=P1(HDR1X3)
Added Component: Designator=P2(HDR1X3)
Added Component: Designator=P3(USB/SM0.8-4H5)
Added Component: Designator=P4(HDR1X3)
Added Component: Designator=P5(HDR1X3)
Added Component: Designator=P5V(Bornier male coude 2 voies)
Added Component: Designator=P6(HDR1X3)
Added Component: Designator=P7(HDR1X3)
Added Component: Designator=P8(HDR1X3)
Added Component: Designator=P9(HDR1X3)
Added Component: Designator=P10(HDR1X3)
Added Component: Designator=P10V(Bornier male coude 2 voies)
Added Component: Designator=P11(HDR1X3)
Added Component: Designator=PickitCon(HDR1X6H)
Added Component: Designator=Pmot(Bornier male coude 2 voies)
Added Component: Designator=R1(AXIAL-0.3)
Added Component: Designator=R2(C0805R)
Added Component: Designator=R3(C0805R)
Added Component: Designator=R3(C0805R)
Added Component: Designator=R4(AXIAL-0.3)
Added Component: Designator=R5(AXIAL0.8)
Added Component: Designator=reset(SPST-NO)
Added Component: Designator=Rp1(C0805R)
Added Component: Designator=Rpullup(AXIAL0.8)
Added Component: Designator=U1(Multiwatt15H)
Added Component: Designator=U2(SSOP-28_M)
Added Component: Designator=U3(TQFP-PT44_N)
Added Pin To Net: NetName=3V3 Pin=Cde-2
Added Pin To Net: NetName=3V3 Pin=Cdecoup2-2
Added Pin To Net: NetName=3V3 Pin=Cdecoup4-2
Added Pin To Net: NetName=3V3 Pin=Cdecoup5-1
Added Pin To Net: NetName=3V3 Pin=LaisseCon-3
Added Pin To Net: NetName=3V3 Pin=P8-3
Added Pin To Net: NetName=3V3 Pin=P9-3
Added Pin To Net: NetName=3V3 Pin=P10-3
Added Pin To Net: NetName=3V3 Pin=P11-3
Added Pin To Net: NetName=3V3 Pin=PickitCon-2
Added Pin To Net: NetName=3V3 Pin=R2-2
Added Pin To Net: NetName=3V3 Pin=R3-2
Added Pin To Net: NetName=3V3 Pin=R5-1
Added Pin To Net: NetName=3V3 Pin=Rp1-2
Added Pin To Net: NetName=3V3 Pin=U2-4
Added Pin To Net: NetName=3V3 Pin=U3-17
Added Pin To Net: NetName=3V3 Pin=U3-28
Added Pin To Net: NetName=3V3 Pin=U3-40
Added Net: Name=3V3
Added Pin To Net: NetName=5V Pin=C2-1
Added Pin To Net: NetName=5V Pin=Cdecoup3-1
Added Pin To Net: NetName=5V Pin=Encodeur1-1
Added Pin To Net: NetName=5V Pin=Encodeur2-1
Added Pin To Net: NetName=5V Pin=LM2937ET-3.3-2
Added Pin To Net: NetName=5V Pin=P1-3
Added Pin To Net: NetName=5V Pin=P2-3
Added Pin To Net: NetName=5V Pin=P3-1
Added Pin To Net: NetName=5V Pin=P4-3
Added Pin To Net: NetName=5V Pin=P5-3
Added Pin To Net: NetName=5V Pin=P5V-1
Added Pin To Net: NetName=5V Pin=P6-3
Added Pin To Net: NetName=5V Pin=P7-3
Added Pin To Net: NetName=5V Pin=Rpullup-1
Added Pin To Net: NetName=5V Pin=U1-9
Added Pin To Net: NetName=5V Pin=U2-20
Added Net: Name=5V
Added Pin To Net: NetName=10V Pin=AX12_B-1
Added Pin To Net: NetName=10V Pin=C3-1
Added Pin To Net: NetName=10V Pin=P10V-1
Added Net: Name=10V
Added Pin To Net: NetName=A1 Pin=Encodeur1-3
Added Pin To Net: NetName=A1 Pin=U3-5
Added Net: Name=A1
Added Pin To Net: NetName=A2 Pin=Encodeur2-3
Added Pin To Net: NetName=A2 Pin=U3-3
Added Net: Name=A2
Added Pin To Net: NetName=B1 Pin=Encodeur1-4
Added Pin To Net: NetName=B1 Pin=U3-2
Added Net: Name=B1
Added Pin To Net: NetName=B2 Pin=Encodeur2-4
Added Pin To Net: NetName=B2 Pin=U3-4
Added Net: Name=B2
Added Pin To Net: NetName=DIR11 Pin=U1-5
Added Pin To Net: NetName=DIR11 Pin=U3-9
Added Net: Name=DIR11
Added Pin To Net: NetName=DIR12 Pin=U1-7
Added Pin To Net: NetName=DIR12 Pin=U3-1
Added Net: Name=DIR12
Added Pin To Net: NetName=DIR21 Pin=U1-10
Added Pin To Net: NetName=DIR21 Pin=U3-11
Added Net: Name=DIR21
Added Pin To Net: NetName=DIR22 Pin=U1-12
Added Pin To Net: NetName=DIR22 Pin=U3-14
Added Net: Name=DIR22
Added Pin To Net: NetName=DM Pin=P3-2
Added Pin To Net: NetName=DM Pin=U2-16
Added Net: Name=DM
Added Pin To Net: NetName=DP Pin=P3-3
Added Pin To Net: NetName=DP Pin=U2-15
Added Net: Name=DP
Added Pin To Net: NetName=GND Pin=AX12_B-3
Added Pin To Net: NetName=GND Pin=C1-2
Added Pin To Net: NetName=GND Pin=C2-2
Added Pin To Net: NetName=GND Pin=C3-2
Added Pin To Net: NetName=GND Pin=C4-1
Added Pin To Net: NetName=GND Pin=C5-2
Added Pin To Net: NetName=GND Pin=Cde-1
Added Pin To Net: NetName=GND Pin=Cdecoup1-1
Added Pin To Net: NetName=GND Pin=Cdecoup2-1
Added Pin To Net: NetName=GND Pin=Cdecoup3-2
Added Pin To Net: NetName=GND Pin=Cdecoup4-1
Added Pin To Net: NetName=GND Pin=Cdecoup5-2
Added Pin To Net: NetName=GND Pin=D7-1
Added Pin To Net: NetName=GND Pin=D8-1
Added Pin To Net: NetName=GND Pin=D9-1
Added Pin To Net: NetName=GND Pin=D10-1
Added Pin To Net: NetName=GND Pin=D11-2
Added Pin To Net: NetName=GND Pin=D12-2
Added Pin To Net: NetName=GND Pin=Encodeur1-2
Added Pin To Net: NetName=GND Pin=Encodeur2-2
Added Pin To Net: NetName=GND Pin=LaisseCon-2
Added Pin To Net: NetName=GND Pin=LM2937ET-3.3-1
Added Pin To Net: NetName=GND Pin=P1-2
Added Pin To Net: NetName=GND Pin=P2-2
Added Pin To Net: NetName=GND Pin=P3-4
Added Pin To Net: NetName=GND Pin=P4-2
Added Pin To Net: NetName=GND Pin=P5-2
Added Pin To Net: NetName=GND Pin=P5V-2
Added Pin To Net: NetName=GND Pin=P6-2
Added Pin To Net: NetName=GND Pin=P7-2
Added Pin To Net: NetName=GND Pin=P8-2
Added Pin To Net: NetName=GND Pin=P9-2
Added Pin To Net: NetName=GND Pin=P10-2
Added Pin To Net: NetName=GND Pin=P10V-2
Added Pin To Net: NetName=GND Pin=P11-2
Added Pin To Net: NetName=GND Pin=PickitCon-3
Added Pin To Net: NetName=GND Pin=Pmot-2
Added Pin To Net: NetName=GND Pin=R1-1
Added Pin To Net: NetName=GND Pin=R4-1
Added Pin To Net: NetName=GND Pin=reset-1
Added Pin To Net: NetName=GND Pin=reset-4
Added Pin To Net: NetName=GND Pin=U1-1
Added Pin To Net: NetName=GND Pin=U1-8
Added Pin To Net: NetName=GND Pin=U1-15
Added Pin To Net: NetName=GND Pin=U2-7
Added Pin To Net: NetName=GND Pin=U2-18
Added Pin To Net: NetName=GND Pin=U2-21
Added Pin To Net: NetName=GND Pin=U2-25
Added Pin To Net: NetName=GND Pin=U2-26
Added Pin To Net: NetName=GND Pin=U3-6
Added Pin To Net: NetName=GND Pin=U3-16
Added Pin To Net: NetName=GND Pin=U3-29
Added Pin To Net: NetName=GND Pin=U3-39
Added Net: Name=GND
Added Pin To Net: NetName=IO1_5V Pin=P2-1
Added Pin To Net: NetName=IO1_5V Pin=U3-32
Added Net: Name=IO1_5V
Added Pin To Net: NetName=IO2_5V Pin=P1-1
Added Pin To Net: NetName=IO2_5V Pin=U3-35
Added Net: Name=IO2_5V
Added Pin To Net: NetName=IO3_5V Pin=P4-1
Added Pin To Net: NetName=IO3_5V Pin=U3-12
Added Net: Name=IO3_5V
Added Pin To Net: NetName=IO4_5V Pin=P5-1
Added Pin To Net: NetName=IO4_5V Pin=U3-36
Added Net: Name=IO4_5V
Added Pin To Net: NetName=IO5_5V Pin=P6-1
Added Pin To Net: NetName=IO5_5V Pin=U3-37
Added Net: Name=IO5_5V
Added Pin To Net: NetName=IO6_5V Pin=P7-1
Added Pin To Net: NetName=IO6_5V Pin=U3-38
Added Net: Name=IO6_5V
Added Pin To Net: NetName=IO_AN0 Pin=P11-1
Added Pin To Net: NetName=IO_AN0 Pin=U3-19
Added Net: Name=IO_AN0
Added Pin To Net: NetName=IO_AN6 Pin=P8-1
Added Pin To Net: NetName=IO_AN6 Pin=U3-25
Added Net: Name=IO_AN6
Added Pin To Net: NetName=IO_AN7 Pin=P9-1
Added Pin To Net: NetName=IO_AN7 Pin=U3-26
Added Net: Name=IO_AN7
Added Pin To Net: NetName=IO_AN8 Pin=P10-1
Added Pin To Net: NetName=IO_AN8 Pin=U3-27
Added Net: Name=IO_AN8
Added Pin To Net: NetName=LAISSE Pin=LaisseCon-1
Added Pin To Net: NetName=LAISSE Pin=U3-20
Added Net: Name=LAISSE
Added Pin To Net: NetName=MCLR Pin=PickitCon-1
Added Pin To Net: NetName=MCLR Pin=reset-2
Added Pin To Net: NetName=MCLR Pin=reset-3
Added Pin To Net: NetName=MCLR Pin=Rp1-1
Added Pin To Net: NetName=MCLR Pin=U3-18
Added Net: Name=MCLR
Added Pin To Net: NetName=NetC4_2 Pin=C4-2
Added Pin To Net: NetName=NetC4_2 Pin=U2-17
Added Net: Name=NetC4_2
Added Pin To Net: NetName=NetCdecoup1_2 Pin=Cdecoup1-2
Added Pin To Net: NetName=NetCdecoup1_2 Pin=U3-7
Added Net: Name=NetCdecoup1_2
Added Pin To Net: NetName=NetD1_1 Pin=D1-1
Added Pin To Net: NetName=NetD1_1 Pin=D7-2
Added Pin To Net: NetName=NetD1_1 Pin=U1-14
Added Net: Name=NetD1_1
Added Pin To Net: NetName=NetD2_1 Pin=D2-1
Added Pin To Net: NetName=NetD2_1 Pin=D8-2
Added Pin To Net: NetName=NetD2_1 Pin=U1-13
Added Net: Name=NetD2_1
Added Pin To Net: NetName=NetD3_1 Pin=D3-1
Added Pin To Net: NetName=NetD3_1 Pin=R2-1
Added Net: Name=NetD3_1
Added Pin To Net: NetName=NetD4_1 Pin=D4-1
Added Pin To Net: NetName=NetD4_1 Pin=R3-1
Added Net: Name=NetD4_1
Added Pin To Net: NetName=NetD5_1 Pin=D5-1
Added Pin To Net: NetName=NetD5_1 Pin=D9-2
Added Pin To Net: NetName=NetD5_1 Pin=U1-3
Added Net: Name=NetD5_1
Added Pin To Net: NetName=NetD6_1 Pin=D6-1
Added Pin To Net: NetName=NetD6_1 Pin=D10-2
Added Pin To Net: NetName=NetD6_1 Pin=U1-2
Added Net: Name=NetD6_1
Added Pin To Net: NetName=NetD11_1 Pin=D11-1
Added Pin To Net: NetName=NetD11_1 Pin=R5-2
Added Net: Name=NetD11_1
Added Pin To Net: NetName=NetD12_1 Pin=D12-1
Added Pin To Net: NetName=NetD12_1 Pin=R3-2
Added Net: Name=NetD12_1
Added Pin To Net: NetName=NetR3_1 Pin=R3-1
Added Pin To Net: NetName=NetR3_1 Pin=U3-30
Added Net: Name=NetR3_1
Added Pin To Net: NetName=PGEC Pin=PickitCon-5
Added Pin To Net: NetName=PGEC Pin=U3-22
Added Net: Name=PGEC
Added Pin To Net: NetName=PGED Pin=PickitCon-4
Added Pin To Net: NetName=PGED Pin=U3-21
Added Net: Name=PGED
Added Pin To Net: NetName=PWM1H2 Pin=R4-2
Added Pin To Net: NetName=PWM1H2 Pin=U1-11
Added Pin To Net: NetName=PWM1H2 Pin=U3-10
Added Net: Name=PWM1H2
Added Pin To Net: NetName=PWM1H3 Pin=R1-2
Added Pin To Net: NetName=PWM1H3 Pin=U1-6
Added Pin To Net: NetName=PWM1H3 Pin=U3-8
Added Net: Name=PWM1H3
Added Pin To Net: NetName=RXLED Pin=D3-2
Added Pin To Net: NetName=RXLED Pin=U2-23
Added Net: Name=RXLED
Added Pin To Net: NetName=RX Pin=U2-1
Added Pin To Net: NetName=RX Pin=U3-23
Added Net: Name=RX
Added Pin To Net: NetName=TXLED Pin=D4-2
Added Pin To Net: NetName=TXLED Pin=U2-22
Added Net: Name=TXLED
Added Pin To Net: NetName=TX Pin=U2-5
Added Pin To Net: NetName=TX Pin=U3-24
Added Net: Name=TX
Added Pin To Net: NetName=UARTAX Pin=AX12_B-2
Added Pin To Net: NetName=UARTAX Pin=Rpullup-2
Added Pin To Net: NetName=UARTAX Pin=U3-41
Added Net: Name=UARTAX
Added Pin To Net: NetName=VMOT Pin=C1-1
Added Pin To Net: NetName=VMOT Pin=C5-1
Added Pin To Net: NetName=VMOT Pin=D1-2
Added Pin To Net: NetName=VMOT Pin=D2-2
Added Pin To Net: NetName=VMOT Pin=D5-2
Added Pin To Net: NetName=VMOT Pin=D6-2
Added Pin To Net: NetName=VMOT Pin=Pmot-1
Added Pin To Net: NetName=VMOT Pin=U1-4
Added Net: Name=VMOT
Added Class: Name=Hbridge
Added Class: Name=motherpetit
Added Room: Name=Hbridge
Added Room: Name=motherpetit
