

Microchip Technology PIC18 LITE Macro Assembler V1.21 build 54009 
                                                                                               Mon Dec 09 00:48:45 2013

Microchip Technology Omniscient Code Generator (Lite mode) build 54009
     1                           	processor	18F2550
     2                           	fnconf	rparam,??,?,0
     3                           	opt	pw 120
     4                           	opt	lm
     5                           	psect	text0,global,reloc=2,class=CODE,delta=1
     6                           	psect	cinit,global,reloc=2,class=CODE,delta=1
     7                           	psect	cstackCOMRAM,global,class=COMRAM,space=1,delta=1
     8                           	psect	intsave_regs,global,class=BIGRAM,space=1,delta=1
     9                           	psect	rparam,global,class=COMRAM,space=1,delta=1
    10  0000                     _ADCON0	set	4034
    11  0000                     _ADCON1	set	4033
    12  0000                     _CMCON	set	4020
    13  0000                     _INTCONbits	set	4082
    14  0000                     _OSCCON	set	4051
    15  0000                     _PORTCbits	set	3970
    16  0000                     _TRISA	set	3986
    17  0000                     _TRISB	set	3987
    18  0000                     _TRISC	set	3988
    19  0000                     _UCFG	set	3951
    20  0000                     _UCON	set	3949
    21  0000                     _WDTCON	set	4049
    22                           
    23 ;;
    24 ;;Main: autosize = 0, tempsize = 1, incstack = 0, save=0
    25 ;;
    26 ;; *************** function _main *****************
    27 ;; Defined at:
    28 ;;		line 103 in file "main.c"
    29 ;; Parameters:    Size  Location     Type
    30 ;;		None
    31 ;; Auto vars:     Size  Location     Type
    32 ;;  i               2    3[COMRAM] int 
    33 ;;  i               2    1[COMRAM] int 
    34 ;; Return value:  Size  Location     Type
    35 ;;		None               void
    36 ;; Registers used:
    37 ;;		wreg, status,2, status,0
    38 ;; Tracked objects:
    39 ;;		On entry : 0/0
    40 ;;		On exit  : 0/0
    41 ;;		Unchanged: 0/0
    42 ;; Data sizes:     COMRAM   BANK0   BANK1   BANK2   BANK3   BANK4   BANK5   BANK6   BANK7
    43 ;;      Params:         0       0       0       0       0       0       0       0       0
    44 ;;      Locals:         4       0       0       0       0       0       0       0       0
    45 ;;      Temps:          1       0       0       0       0       0       0       0       0
    46 ;;      Totals:         5       0       0       0       0       0       0       0       0
    47 ;;Total ram usage:        5 bytes
    48 ;; This function calls:
    49 ;;		Nothing
    50 ;; This function is called by:
    51 ;;		Startup code after reset
    52 ;; This function uses a non-reentrant model
    53 ;;
    54                           
    55                           	psect	text0
    56  007C76                     __ptext0:
    57                           	opt stack 0
    58                           
    59                           ; #config settings
    60  007C76                     _main:
    61                           	opt stack 30
    62                           
    63                           ;main.c: 105: CMCON = 0b00000111;
    64                           
    65                           ;incstack = 0
    66                           ;incstack = 0
    67  007C76  0E07               	movlw	7
    68  007C78  6EB4               	movwf	4020,c	;volatile
    69                           
    70                           ;main.c: 106: ADCON0 = 0b00000000;
    71  007C7A  0E00               	movlw	0
    72  007C7C  6EC2               	movwf	4034,c	;volatile
    73                           
    74                           ;main.c: 107: ADCON1 = 0b00001111;
    75  007C7E  0E0F               	movlw	15
    76  007C80  6EC1               	movwf	4033,c	;volatile
    77                           
    78                           ;main.c: 108: WDTCON = 0 ;
    79  007C82  0E00               	movlw	0
    80  007C84  6ED1               	movwf	4049,c	;volatile
    81                           
    82                           ;main.c: 109: OSCCON = 0b01111100;
    83  007C86  0E7C               	movlw	124
    84  007C88  6ED3               	movwf	4051,c	;volatile
    85                           
    86                           ;main.c: 110: UCON = 0 ;
    87  007C8A  0E00               	movlw	0
    88  007C8C  6E6D               	movwf	3949,c	;volatile
    89                           
    90                           ;main.c: 111: UCFG = 0b00001000 ;
    91  007C8E  0E08               	movlw	8
    92  007C90  6E6F               	movwf	3951,c	;volatile
    93                           
    94                           ;main.c: 114: TRISA = 0b11000011 ;
    95  007C92  0EC3               	movlw	195
    96  007C94  6E92               	movwf	3986,c	;volatile
    97                           
    98                           ;main.c: 115: TRISB = 0b01111111 ;
    99  007C96  0E7F               	movlw	127
   100  007C98  6E93               	movwf	3987,c	;volatile
   101                           
   102                           ;main.c: 116: TRISC = 0b11111000 ;
   103  007C9A  0EF8               	movlw	248
   104  007C9C  6E94               	movwf	3988,c	;volatile
   105                           
   106                           ;main.c: 118: INTCONbits.GIE = 1;
   107  007C9E  8EF2               	bsf	intcon,7,c	;volatile
   108  007CA0                     l616:
   109                           
   110                           ;main.c: 122: {
   111                           ;main.c: 123: PORTCbits.RC1 = 1;
   112  007CA0  8282               	bsf	3970,1,c	;volatile
   113                           
   114                           ;main.c: 124: for (int i=0; i<=10; i++) _delay((unsigned long)((50)*(8000000/4000.0)));
   115  007CA2  0E00               	movlw	0
   116  007CA4  6E03               	movwf	main@i+1,c
   117  007CA6  0E00               	movlw	0
   118  007CA8  6E02               	movwf	main@i,c
   119  007CAA  5003               	movf	main@i+1,w,c
   120  007CAC  0A80               	xorlw	128
   121  007CAE  0F80               	addlw	-128
   122  007CB0  0E0B               	movlw	11
   123  007CB2  B4D8               	btfsc	status,2,c
   124  007CB4  5C02               	subwf	main@i,w,c
   125  007CB6  B0D8               	btfsc	status,0,c
   126  007CB8  D00B               	goto	l31
   127  007CBA  0E82               	movlw	130
   128  007CBC  6E01               	movwf	??_main& (0+255),c
   129  007CBE  0EDD               	movlw	221
   130  007CC0                     u57:
   131  007CC0  2EE8               	decfsz	wreg,f,c
   132  007CC2  D7FE               	goto	u57
   133  007CC4  2E01               	decfsz	??_main& (0+255),f,c
   134  007CC6  D7FC               	goto	u57
   135  007CC8  D000               	nop2	
   136  007CCA  4A02               	infsnz	main@i,f,c
   137  007CCC  2A03               	incf	main@i+1,f,c
   138  007CCE  D7ED               	goto	L1
   139  007CD0                     l31:
   140                           
   141                           ;main.c: 125: PORTCbits.RC1 = 0;
   142  007CD0  9282               	bcf	3970,1,c	;volatile
   143                           
   144                           ;main.c: 126: for (int i=0; i<=10; i++) _delay((unsigned long)((50)*(8000000/4000.0)));
   145  007CD2  0E00               	movlw	0
   146  007CD4  6E05               	movwf	main@i_220+1,c
   147  007CD6  0E00               	movlw	0
   148  007CD8  6E04               	movwf	main@i_220,c
   149  007CDA  5005               	movf	main@i_220+1,w,c
   150  007CDC  0A80               	xorlw	128
   151  007CDE  0F80               	addlw	-128
   152  007CE0  0E0B               	movlw	11
   153  007CE2  B4D8               	btfsc	status,2,c
   154  007CE4  5C04               	subwf	main@i_220,w,c
   155  007CE6  B0D8               	btfsc	status,0,c
   156  007CE8  D7DB               	goto	l616
   157  007CEA  0E82               	movlw	130
   158  007CEC  6E01               	movwf	??_main& (0+255),c
   159  007CEE  0EDD               	movlw	221
   160  007CF0                     u67:
   161  007CF0  2EE8               	decfsz	wreg,f,c
   162  007CF2  D7FE               	goto	u67
   163  007CF4  2E01               	decfsz	??_main& (0+255),f,c
   164  007CF6  D7FC               	goto	u67
   165  007CF8  D000               	nop2	
   166  007CFA  4A04               	infsnz	main@i_220,f,c
   167  007CFC  2A05               	incf	main@i_220+1,f,c
   168  007CFE  D7ED               	goto	L2
   169  007D00                     __end_of_main:
   170                           	opt stack 0
   171  0000                     intcon	equ	0xFF2
   172                           wreg	equ	0xFE8
   173                           status	equ	0xFD8
   174                           
   175                           	psect	cinit
   176  007C70                     __pcinit:
   177                           	opt stack 0
   178  007C70                     start_initialization:
   179                           	opt stack 0
   180  007C70                     __initialization:
   181                           	opt stack 0
   182  007C70                     end_of_initialization:
   183                           	opt stack 0
   184  007C70                     __end_of__initialization:
   185                           	opt stack 0
   186  007C70  0100               	movlb	0
   187  007C72  EF3B  F03E         	goto	_main	;jump to C main() function
   188                           intcon	equ	0xFF2
   189                           wreg	equ	0xFE8
   190                           status	equ	0xFD8
   191                           
   192                           	psect	cstackCOMRAM
   193  000001                     __pcstackCOMRAM:
   194                           	opt stack 0
   195  000001                     ??_main:
   196                           
   197                           ; 0 bytes @ 0x0
   198  000001                     	ds	1
   199  000002                     main@i:
   200                           	opt stack 0
   201                           
   202                           ; 2 bytes @ 0x1
   203  000002                     	ds	2
   204  000004                     main@i_220:
   205                           	opt stack 0
   206                           
   207                           ; 2 bytes @ 0x3
   208  000004                     	ds	2
   209                           intcon	equ	0xFF2
   210                           wreg	equ	0xFE8
   211                           status	equ	0xFD8
   212                           intcon	equ	0xFF2
   213                           wreg	equ	0xFE8
   214                           status	equ	0xFD8
   215                           
   216                           	psect	rparam
   217  0000                     intcon	equ	0xFF2
   218                           wreg	equ	0xFE8
   219                           status	equ	0xFD8


Data Sizes:
    Strings     0
    Constant    0
    Data        0
    BSS         0
    Persistent  0
    Stack       0

Auto Spaces:
    Space          Size  Autos    Used
    COMRAM           95      5       5
    BANK0           160      0       0
    BANK1           256      0       0
    BANK2           256      0       0
    BANK3           239      0       0
    BANK4           256      0       0
    BANK5           256      0       0
    BANK6           256      0       0
    BANK7           256      0       0

Pointer List with Targets:

    None.

Critical Paths under _main in COMRAM

    None.

Critical Paths under _main in BANK0

    None.

Critical Paths under _main in BANK1

    None.

Critical Paths under _main in BANK2

    None.

Critical Paths under _main in BANK3

    None.

Critical Paths under _main in BANK4

    None.

Critical Paths under _main in BANK5

    None.

Critical Paths under _main in BANK6

    None.

Critical Paths under _main in BANK7

    None.

Call Graph Tables:

 ---------------------------------------------------------------------------------
 (Depth) Function   	        Calls       Base Space   Used Autos Params    Refs
 ---------------------------------------------------------------------------------
 (0) _main                                                 5     5      0      60
                                              0 COMRAM     5     5      0
 ---------------------------------------------------------------------------------
 Estimated maximum stack depth 0
 ---------------------------------------------------------------------------------

 Call Graph Graphs:

 _main (ROOT)

 Address spaces:
Name               Size   Autos  Total    Cost      Usage
BITCOMRAM           5F      0       0       0        0.0%
EEDATA             100      0       0       0        0.0%
NULL                 0      0       0       0        0.0%
CODE                 0      0       0       0        0.0%
COMRAM              5F      5       5       1        5.3%
STACK                0      0       0       2        0.0%
DATA                 0      0       0       3        0.0%
BITBANK0            A0      0       0       4        0.0%
BANK0               A0      0       0       5        0.0%
BITBANK1           100      0       0       6        0.0%
BANK1              100      0       0       7        0.0%
BITBANK2           100      0       0       8        0.0%
BANK2              100      0       0       9        0.0%
BANK3               EF      0       0      10        0.0%
ABS                  0      0       0      11        0.0%
BITBANK3            EF      0       0      12        0.0%
BITBANK4           100      0       0      13        0.0%
BANK4              100      0       0      14        0.0%
BITBANK5           100      0       0      15        0.0%
BANK5              100      0       0      16        0.0%
BITBANK6           100      0       0      17        0.0%
BANK6              100      0       0      18        0.0%
BITBANK7           100      0       0      19        0.0%
BANK7              100      0       0      20        0.0%
BIGRAM_1           400      0       0      21        0.0%
BIGRAM             3EE      0       0      22        0.0%
BITSFR_5             0      0       0      40        0.0%
SFR_5                0      0       0      40        0.0%
BITSFR_4             0      0       0      40        0.0%
SFR_4                0      0       0      40        0.0%
BITSFR_3             0      0       0      40        0.0%
SFR_3                0      0       0      40        0.0%
BITSFR_2             0      0       0      40        0.0%
SFR_2                0      0       0      40        0.0%
BITSFR_1             0      0       0      40        0.0%
SFR_1                0      0       0      40        0.0%
BITSFR               0      0       0      40        0.0%
SFR                  0      0       0      40        0.0%


Microchip Technology PIC18 Macro Assembler V1.21 build 54009 
Symbol Table                                                                                   Mon Dec 09 00:48:45 2013

                     l31 7CD0                       u57 7CC0                       u67 7CF0  
            __CFG_BOR$ON 000000              __CFG_BORV$3 000000       __CFG_FOSC$XTPLL_XT 000000  
           __CFG_CP0$OFF 000000             __CFG_CP1$OFF 000000             __CFG_CP2$OFF 000000  
           __CFG_CP3$OFF 000000                      l616 7CA0             __CFG_CPB$OFF 000000  
           __CFG_CPD$OFF 000000                      wreg 000FE8             __CFG_LVP$OFF 000000  
           __CFG_WDT$OFF 000000                     _UCFG 000F6F                     _UCON 000F6D  
                   _main 7C76                     start 0002            __CFG_IESO$OFF 000000  
          __CFG_MCLRE$ON 000000            __CFG_PLLDIV$2 000000           __CFG_CCP2MX$ON 000000  
                  ?_main 0001                    _CMCON 000FB4            __CFG_USBDIV$2 000000  
                  _TRISA 000F92                    _TRISB 000F93                    _TRISC 000F94  
          __CFG_PWRT$OFF 000000            __CFG_WRT0$OFF 000000            __CFG_WRT1$OFF 000000  
          __CFG_WRT2$OFF 000000            __CFG_WRT3$OFF 000000           __CFG_EBTR0$OFF 000000  
         __CFG_FCMEN$OFF 000000           __CFG_EBTR1$OFF 000000           __CFG_EBTR2$OFF 000000  
         __CFG_EBTR3$OFF 000000            __CFG_WRTB$OFF 000000            __CFG_WRTC$OFF 000000  
          __CFG_WRTD$OFF 000000           __CFG_EBTRB$OFF 000000                    main@i 0002  
                  status 000FD8          __initialization 7C70             __end_of_main 7D00  
                 ??_main 0001            __activetblptr 000000                   _ADCON0 000FC2  
                 _ADCON1 000FC1                   _OSCCON 000FD3                   _WDTCON 000FD1  
         __CFG_XINST$OFF 000000           __CFG_STVREN$ON 000000               __accesstop 0060  
__end_of__initialization 7C70          __CFG_PBADEN$OFF 000000           __pcstackCOMRAM 0001  
        __CFG_VREGEN$OFF 000000                  __Hparam 0000                  __Lparam 0000  
                __pcinit 7C70                  __ramtop 0800                  __ptext0 7C76  
   end_of_initialization 7C70                _PORTCbits 000F82      start_initialization 7C70  
       __CFG_LPT1OSC$OFF 000000         __CFG_WDTPS$32768 000000                main@i_220 0004  
               __Hrparam 0000                 __Lrparam 0000            __size_of_main 008A  
  __CFG_CPUDIV$OSC1_PLL2 000000               _INTCONbits 000FF2  
